  main.cpp
e:\5_work_space\algorithm\woony's algorithm study\1983. 조교의 성적 매기기\1983. 조교의 성적 매기기\main.cpp(50): warning C4996: 'strncpy': This function or variable may be unsafe. Consider using strncpy_s instead. To disable deprecation, use _CRT_SECURE_NO_WARNINGS. See online help for details.
  c:\program files (x86)\windows kits\10\include\10.0.10240.0\ucrt\string.h(346): note: 'strncpy' 선언을 참조하십시오.
e:\5_work_space\algorithm\woony's algorithm study\1983. 조교의 성적 매기기\1983. 조교의 성적 매기기\main.cpp(52): warning C4996: 'strncpy': This function or variable may be unsafe. Consider using strncpy_s instead. To disable deprecation, use _CRT_SECURE_NO_WARNINGS. See online help for details.
  c:\program files (x86)\windows kits\10\include\10.0.10240.0\ucrt\string.h(346): note: 'strncpy' 선언을 참조하십시오.
e:\5_work_space\algorithm\woony's algorithm study\1983. 조교의 성적 매기기\1983. 조교의 성적 매기기\main.cpp(54): warning C4996: 'strncpy': This function or variable may be unsafe. Consider using strncpy_s instead. To disable deprecation, use _CRT_SECURE_NO_WARNINGS. See online help for details.
  c:\program files (x86)\windows kits\10\include\10.0.10240.0\ucrt\string.h(346): note: 'strncpy' 선언을 참조하십시오.
e:\5_work_space\algorithm\woony's algorithm study\1983. 조교의 성적 매기기\1983. 조교의 성적 매기기\main.cpp(56): warning C4996: 'strncpy': This function or variable may be unsafe. Consider using strncpy_s instead. To disable deprecation, use _CRT_SECURE_NO_WARNINGS. See online help for details.
  c:\program files (x86)\windows kits\10\include\10.0.10240.0\ucrt\string.h(346): note: 'strncpy' 선언을 참조하십시오.
e:\5_work_space\algorithm\woony's algorithm study\1983. 조교의 성적 매기기\1983. 조교의 성적 매기기\main.cpp(58): warning C4996: 'strncpy': This function or variable may be unsafe. Consider using strncpy_s instead. To disable deprecation, use _CRT_SECURE_NO_WARNINGS. See online help for details.
  c:\program files (x86)\windows kits\10\include\10.0.10240.0\ucrt\string.h(346): note: 'strncpy' 선언을 참조하십시오.
e:\5_work_space\algorithm\woony's algorithm study\1983. 조교의 성적 매기기\1983. 조교의 성적 매기기\main.cpp(60): warning C4996: 'strncpy': This function or variable may be unsafe. Consider using strncpy_s instead. To disable deprecation, use _CRT_SECURE_NO_WARNINGS. See online help for details.
  c:\program files (x86)\windows kits\10\include\10.0.10240.0\ucrt\string.h(346): note: 'strncpy' 선언을 참조하십시오.
e:\5_work_space\algorithm\woony's algorithm study\1983. 조교의 성적 매기기\1983. 조교의 성적 매기기\main.cpp(62): warning C4996: 'strncpy': This function or variable may be unsafe. Consider using strncpy_s instead. To disable deprecation, use _CRT_SECURE_NO_WARNINGS. See online help for details.
  c:\program files (x86)\windows kits\10\include\10.0.10240.0\ucrt\string.h(346): note: 'strncpy' 선언을 참조하십시오.
e:\5_work_space\algorithm\woony's algorithm study\1983. 조교의 성적 매기기\1983. 조교의 성적 매기기\main.cpp(64): warning C4996: 'strncpy': This function or variable may be unsafe. Consider using strncpy_s instead. To disable deprecation, use _CRT_SECURE_NO_WARNINGS. See online help for details.
  c:\program files (x86)\windows kits\10\include\10.0.10240.0\ucrt\string.h(346): note: 'strncpy' 선언을 참조하십시오.
e:\5_work_space\algorithm\woony's algorithm study\1983. 조교의 성적 매기기\1983. 조교의 성적 매기기\main.cpp(66): warning C4996: 'strncpy': This function or variable may be unsafe. Consider using strncpy_s instead. To disable deprecation, use _CRT_SECURE_NO_WARNINGS. See online help for details.
  c:\program files (x86)\windows kits\10\include\10.0.10240.0\ucrt\string.h(346): note: 'strncpy' 선언을 참조하십시오.
e:\5_work_space\algorithm\woony's algorithm study\1983. 조교의 성적 매기기\1983. 조교의 성적 매기기\main.cpp(68): warning C4996: 'strncpy': This function or variable may be unsafe. Consider using strncpy_s instead. To disable deprecation, use _CRT_SECURE_NO_WARNINGS. See online help for details.
  c:\program files (x86)\windows kits\10\include\10.0.10240.0\ucrt\string.h(346): note: 'strncpy' 선언을 참조하십시오.
  1983. 조교의 성적 매기기.vcxproj -> E:\5_Work_Space\algorithm\Woony's Algorithm Study\1983. 조교의 성적 매기기\Debug\1983. 조교의 성적 매기기.exe
  1983. 조교의 성적 매기기.vcxproj -> E:\5_Work_Space\algorithm\Woony's Algorithm Study\1983. 조교의 성적 매기기\Debug\1983. 조교의 성적 매기기.pdb (Full PDB)
